Found and added required header to zip: C:\microchip\harmony\v2_06\apps\OSCOutput\firmware\OSCOutput.X\..\..\..\..\framework\peripheral\devcon\plib_devcon.h
Found and added required header to zip: C:\microchip\harmony\v2_06\apps\OSCOutput\firmware\OSCOutput.X\..\..\..\..\framework\peripheral\devcon\processor\devcon_p32mz2048efm144.h
Found and added required header to zip: C:\microchip\harmony\v2_06\apps\OSCOutput\firmware\OSCOutput.X\..\..\..\..\framework\peripheral\devcon\processor\devcon_p32xxxx.h
Found and added required header to zip: C:\microchip\harmony\v2_06\apps\OSCOutput\firmware\OSCOutput.X\..\..\..\..\framework\peripheral\devcon\processor\devcon_processor.h
Found and added required header to zip: C:\microchip\harmony\v2_06\apps\OSCOutput\firmware\OSCOutput.X\..\..\..\..\framework\peripheral\devcon\templates\devcon_AlternateClock_Default.h
Found and added required header to zip: C:\microchip\harmony\v2_06\apps\OSCOutput\firmware\OSCOutput.X\..\..\..\..\framework\peripheral\devcon\templates\devcon_AnalogChargePumpControl_Default.h
Found and added required header to zip: C:\microchip\harmony\v2_06\apps\OSCOutput\firmware\OSCOutput.X\..\..\..\..\framework\peripheral\devcon\templates\devcon_BootSelection_Unsupported.h
Found and added required header to zip: C:\microchip\harmony\v2_06\apps\OSCOutput\firmware\OSCOutput.X\..\..\..\..\framework\peripheral\devcon\templates\devcon_DeviceRegsLockUnlock_PIC32MZ.h
Found and added required header to zip: C:\microchip\harmony\v2_06\apps\OSCOutput\firmware\OSCOutput.X\..\..\..\..\framework\peripheral\devcon\templates\devcon_DeviceVerAndId_Default.h
Found and added required header to zip: C:\microchip\harmony\v2_06\apps\OSCOutput\firmware\OSCOutput.X\..\..\..\..\framework\peripheral\devcon\templates\devcon_ECCModes_Default.h
Found and added required header to zip: C:\microchip\harmony\v2_06\apps\OSCOutput\firmware\OSCOutput.X\..\..\..\..\framework\peripheral\devcon\templates\devcon_HSUARTControl_Unsupported.h
Found and added required header to zip: C:\microchip\harmony\v2_06\apps\OSCOutput\firmware\OSCOutput.X\..\..\..\..\framework\peripheral\devcon\templates\devcon_IgnoreDebugFreeze_Unsupported.h
Found and added required header to zip: C:\microchip\harmony\v2_06\apps\OSCOutput\firmware\OSCOutput.X\..\..\..\..\framework\peripheral\devcon\templates\devcon_JTAGEnable_Default.h
Found and added required header to zip: C:\microchip\harmony\v2_06\apps\OSCOutput\firmware\OSCOutput.X\..\..\..\..\framework\peripheral\devcon\templates\devcon_JTAGUsesTDO_Default.h
Found and added required header to zip: C:\microchip\harmony\v2_06\apps\OSCOutput\firmware\OSCOutput.X\..\..\..\..\framework\peripheral\devcon\templates\devcon_MPLL_Unsupported.h
Found and added required header to zip: C:\microchip\harmony\v2_06\apps\OSCOutput\firmware\OSCOutput.X\..\..\..\..\framework\peripheral\devcon\templates\devcon_OTPConfigLockUnlock_Unsupported.h
Found and added required header to zip: C:\microchip\harmony\v2_06\apps\OSCOutput\firmware\OSCOutput.X\..\..\..\..\framework\peripheral\devcon\templates\devcon_SysLockUnlock_Default.h
Found and added required header to zip: C:\microchip\harmony\v2_06\apps\OSCOutput\firmware\OSCOutput.X\..\..\..\..\framework\peripheral\devcon\templates\devcon_TraceOutput_Default.h
Found and added required header to zip: C:\microchip\harmony\v2_06\apps\OSCOutput\firmware\OSCOutput.X\..\..\..\..\framework\peripheral\devcon\templates\devcon_USB_PHY_SleepModeSet_Default.h
Found and added required header to zip: C:\microchip\harmony\v2_06\apps\OSCOutput\firmware\OSCOutput.X\..\..\..\..\framework\peripheral\int\plib_int.h
Found and added required header to zip: C:\microchip\harmony\v2_06\apps\OSCOutput\firmware\OSCOutput.X\..\..\..\..\framework\peripheral\int\plib_int_private_pic32.h
Found and added required header to zip: C:\microchip\harmony\v2_06\apps\OSCOutput\firmware\OSCOutput.X\..\..\..\..\framework\peripheral\int\processor\int_p32mz2048efm144.h
Found and added required header to zip: C:\microchip\harmony\v2_06\apps\OSCOutput\firmware\OSCOutput.X\..\..\..\..\framework\peripheral\int\processor\int_p32xxxx.h
Found and added required header to zip: C:\microchip\harmony\v2_06\apps\OSCOutput\firmware\OSCOutput.X\..\..\..\..\framework\peripheral\int\processor\int_processor.h
Found and added required header to zip: C:\microchip\harmony\v2_06\apps\OSCOutput\firmware\OSCOutput.X\..\..\..\..\framework\peripheral\int\templates\int_CPUCurrentPriorityLevel_Default.h
Found and added required header to zip: C:\microchip\harmony\v2_06\apps\OSCOutput\firmware\OSCOutput.X\..\..\..\..\framework\peripheral\int\templates\int_EnableControl_PIC32.h
Found and added required header to zip: C:\microchip\harmony\v2_06\apps\OSCOutput\firmware\OSCOutput.X\..\..\..\..\framework\peripheral\int\templates\int_ExternalINTEdgeSelect_Default.h
Found and added required header to zip: C:\microchip\harmony\v2_06\apps\OSCOutput\firmware\OSCOutput.X\..\..\..\..\framework\peripheral\int\templates\int_INTCPUPriority_Default.h
Found and added required header to zip: C:\microchip\harmony\v2_06\apps\OSCOutput\firmware\OSCOutput.X\..\..\..\..\framework\peripheral\int\templates\int_INTCPUVector_Default.h
Found and added required header to zip: C:\microchip\harmony\v2_06\apps\OSCOutput\firmware\OSCOutput.X\..\..\..\..\framework\peripheral\int\templates\int_ProximityTimerControl_Default.h
Found and added required header to zip: C:\microchip\harmony\v2_06\apps\OSCOutput\firmware\OSCOutput.X\..\..\..\..\framework\peripheral\int\templates\int_ProximityTimerEnable_Default.h
Found and added required header to zip: C:\microchip\harmony\v2_06\apps\OSCOutput\firmware\OSCOutput.X\..\..\..\..\framework\peripheral\int\templates\int_ShadowRegisterAssign_Default.h
Found and added required header to zip: C:\microchip\harmony\v2_06\apps\OSCOutput\firmware\OSCOutput.X\..\..\..\..\framework\peripheral\int\templates\int_SingleVectorShadowSet_Default.h
Found and added required header to zip: C:\microchip\harmony\v2_06\apps\OSCOutput\firmware\OSCOutput.X\..\..\..\..\framework\peripheral\int\templates\int_SoftwareNMI_Default.h
Found and added required header to zip: C:\microchip\harmony\v2_06\apps\OSCOutput\firmware\OSCOutput.X\..\..\..\..\framework\peripheral\int\templates\int_SourceControl_Default.h
Found and added required header to zip: C:\microchip\harmony\v2_06\apps\OSCOutput\firmware\OSCOutput.X\..\..\..\..\framework\peripheral\int\templates\int_SourceFlag_Default.h
Found and added required header to zip: C:\microchip\harmony\v2_06\apps\OSCOutput\firmware\OSCOutput.X\..\..\..\..\framework\peripheral\int\templates\int_VariableOffset_Default.h
Found and added required header to zip: C:\microchip\harmony\v2_06\apps\OSCOutput\firmware\OSCOutput.X\..\..\..\..\framework\peripheral\int\templates\int_VectorPriority_Default.h
Found and added required header to zip: C:\microchip\harmony\v2_06\apps\OSCOutput\firmware\OSCOutput.X\..\..\..\..\framework\peripheral\int\templates\int_VectorSelect_Default.h
Found and added required header to zip: C:\microchip\harmony\v2_06\apps\OSCOutput\firmware\OSCOutput.X\..\..\..\..\framework\peripheral\osc\plib_osc.h
Found and added required header to zip: C:\microchip\harmony\v2_06\apps\OSCOutput\firmware\OSCOutput.X\..\..\..\..\framework\peripheral\osc\processor\osc_p32mz2048efm144.h
Found and added required header to zip: C:\microchip\harmony\v2_06\apps\OSCOutput\firmware\OSCOutput.X\..\..\..\..\framework\peripheral\osc\processor\osc_p32xxxx.h
Found and added required header to zip: C:\microchip\harmony\v2_06\apps\OSCOutput\firmware\OSCOutput.X\..\..\..\..\framework\peripheral\osc\processor\osc_processor.h
Found and added required header to zip: C:\microchip\harmony\v2_06\apps\OSCOutput\firmware\OSCOutput.X\..\..\..\..\framework\peripheral\osc\templates\osc_BTPLLClockOut_Unsupported.h
Found and added required header to zip: C:\microchip\harmony\v2_06\apps\OSCOutput\firmware\OSCOutput.X\..\..\..\..\framework\peripheral\osc\templates\osc_BTPLLFrequencyRange_Unsupported.h
Found and added required header to zip: C:\microchip\harmony\v2_06\apps\OSCOutput\firmware\OSCOutput.X\..\..\..\..\framework\peripheral\osc\templates\osc_BTPLLInputClockSource_Unsupported.h
Found and added required header to zip: C:\microchip\harmony\v2_06\apps\OSCOutput\firmware\OSCOutput.X\..\..\..\..\framework\peripheral\osc\templates\osc_BTPLLInputDivisor_Unsupported.h
Found and added required header to zip: C:\microchip\harmony\v2_06\apps\OSCOutput\firmware\OSCOutput.X\..\..\..\..\framework\peripheral\osc\templates\osc_BTPLLMultiplier_Unsupported.h
Found and added required header to zip: C:\microchip\harmony\v2_06\apps\OSCOutput\firmware\OSCOutput.X\..\..\..\..\framework\peripheral\osc\templates\osc_BTPLLOutputDivisor_Unsupported.h
Found and added required header to zip: C:\microchip\harmony\v2_06\apps\OSCOutput\firmware\OSCOutput.X\..\..\..\..\framework\peripheral\osc\templates\osc_ClockDiagStatus_Unsupported.h
Found and added required header to zip: C:\microchip\harmony\v2_06\apps\OSCOutput\firmware\OSCOutput.X\..\..\..\..\framework\peripheral\osc\templates\osc_ClockFail_Default.h
Found and added required header to zip: C:\microchip\harmony\v2_06\apps\OSCOutput\firmware\OSCOutput.X\..\..\..\..\framework\peripheral\osc\templates\osc_ClockReadyStatus_Default.h
Found and added required header to zip: C:\microchip\harmony\v2_06\apps\OSCOutput\firmware\OSCOutput.X\..\..\..\..\framework\peripheral\osc\templates\osc_ClockSlewingStatus_Default.h
Found and added required header to zip: C:\microchip\harmony\v2_06\apps\OSCOutput\firmware\OSCOutput.X\..\..\..\..\framework\peripheral\osc\templates\osc_DreamModeControl_Unsupported.h
Found and added required header to zip: C:\microchip\harmony\v2_06\apps\OSCOutput\firmware\OSCOutput.X\..\..\..\..\framework\peripheral\osc\templates\osc_FRCDivisor_Default.h
Found and added required header to zip: C:\microchip\harmony\v2_06\apps\OSCOutput\firmware\OSCOutput.X\..\..\..\..\framework\peripheral\osc\templates\osc_FRCTuning_Default.h
Found and added required header to zip: C:\microchip\harmony\v2_06\apps\OSCOutput\firmware\OSCOutput.X\..\..\..\..\framework\peripheral\osc\templates\osc_ForceLock_Unsupported.h
Found and added required header to zip: C:\microchip\harmony\v2_06\apps\OSCOutput\firmware\OSCOutput.X\..\..\..\..\framework\peripheral\osc\templates\osc_OnWaitAction_Default.h
Found and added required header to zip: C:\microchip\harmony\v2_06\apps\OSCOutput\firmware\OSCOutput.X\..\..\..\..\framework\peripheral\osc\templates\osc_OscCurrentGet_PIC32_1.h
Found and added required header to zip: C:\microchip\harmony\v2_06\apps\OSCOutput\firmware\OSCOutput.X\..\..\..\..\framework\peripheral\osc\templates\osc_OscSelect_Mz.h
Found and added required header to zip: C:\microchip\harmony\v2_06\apps\OSCOutput\firmware\OSCOutput.X\..\..\..\..\framework\peripheral\osc\templates\osc_OscSwitchInit_Default.h
Found and added required header to zip: C:\microchip\harmony\v2_06\apps\OSCOutput\firmware\OSCOutput.X\..\..\..\..\framework\peripheral\osc\templates\osc_PBClockDivisor_PIC32_2.h
Found and added required header to zip: C:\microchip\harmony\v2_06\apps\OSCOutput\firmware\OSCOutput.X\..\..\..\..\framework\peripheral\osc\templates\osc_PBClockOutputEnable_Default.h
Found and added required header to zip: C:\microchip\harmony\v2_06\apps\OSCOutput\firmware\OSCOutput.X\..\..\..\..\framework\peripheral\osc\templates\osc_PBClockReady_PIC32_1.h
Found and added required header to zip: C:\microchip\harmony\v2_06\apps\OSCOutput\firmware\OSCOutput.X\..\..\..\..\framework\peripheral\osc\templates\osc_PLLBypass_Unsupported.h
Found and added required header to zip: C:\microchip\harmony\v2_06\apps\OSCOutput\firmware\OSCOutput.X\..\..\..\..\framework\peripheral\osc\templates\osc_PLLClockLock_Default.h
Found and added required header to zip: C:\microchip\harmony\v2_06\apps\OSCOutput\firmware\OSCOutput.X\..\..\..\..\framework\peripheral\osc\templates\osc_PLLFrequencyRange_Default.h
Found and added required header to zip: C:\microchip\harmony\v2_06\apps\OSCOutput\firmware\OSCOutput.X\..\..\..\..\framework\peripheral\osc\templates\osc_PLLInputClockSource_Default.h
Found and added required header to zip: C:\microchip\harmony\v2_06\apps\OSCOutput\firmware\OSCOutput.X\..\..\..\..\framework\peripheral\osc\templates\osc_PLLInputDivisor_Default.h
Found and added required header to zip: C:\microchip\harmony\v2_06\apps\OSCOutput\firmware\OSCOutput.X\..\..\..\..\framework\peripheral\osc\templates\osc_PLLLockStatus_Unsupported.h
Found and added required header to zip: C:\microchip\harmony\v2_06\apps\OSCOutput\firmware\OSCOutput.X\..\..\..\..\framework\peripheral\osc\templates\osc_PLLMultiplier_PIC32_2.h
Found and added required header to zip: C:\microchip\harmony\v2_06\apps\OSCOutput\firmware\OSCOutput.X\..\..\..\..\framework\peripheral\osc\templates\osc_PLLOutputDivisor_PIC32_2.h
Found and added required header to zip: C:\microchip\harmony\v2_06\apps\OSCOutput\firmware\OSCOutput.X\..\..\..\..\framework\peripheral\osc\templates\osc_ReferenceOscBaseClock_PIC32_2.h
Found and added required header to zip: C:\microchip\harmony\v2_06\apps\OSCOutput\firmware\OSCOutput.X\..\..\..\..\framework\peripheral\osc\templates\osc_ReferenceOscChangeActive_PIC32_2.h
Found and added required header to zip: C:\microchip\harmony\v2_06\apps\OSCOutput\firmware\OSCOutput.X\..\..\..\..\framework\peripheral\osc\templates\osc_ReferenceOscChange_PIC32_2.h
Found and added required header to zip: C:\microchip\harmony\v2_06\apps\OSCOutput\firmware\OSCOutput.X\..\..\..\..\framework\peripheral\osc\templates\osc_ReferenceOscDivisor_PIC32_2.h
Found and added required header to zip: C:\microchip\harmony\v2_06\apps\OSCOutput\firmware\OSCOutput.X\..\..\..\..\framework\peripheral\osc\templates\osc_ReferenceOscEnable_PIC32_2.h
Found and added required header to zip: C:\microchip\harmony\v2_06\apps\OSCOutput\firmware\OSCOutput.X\..\..\..\..\framework\peripheral\osc\templates\osc_ReferenceOscStopInIdleEnable_PIC32_2.h
Found and added required header to zip: C:\microchip\harmony\v2_06\apps\OSCOutput\firmware\OSCOutput.X\..\..\..\..\framework\peripheral\osc\templates\osc_ReferenceOscStopInSleep_PIC32_2.h
Found and added required header to zip: C:\microchip\harmony\v2_06\apps\OSCOutput\firmware\OSCOutput.X\..\..\..\..\framework\peripheral\osc\templates\osc_ReferenceOscTrim_PIC32_2.h
Found and added required header to zip: C:\microchip\harmony\v2_06\apps\OSCOutput\firmware\OSCOutput.X\..\..\..\..\framework\peripheral\osc\templates\osc_ReferenceOutputEnable_PIC32_2.h
Found and added required header to zip: C:\microchip\harmony\v2_06\apps\OSCOutput\firmware\OSCOutput.X\..\..\..\..\framework\peripheral\osc\templates\osc_ResetPLL_Unsupported.h
Found and added required header to zip: C:\microchip\harmony\v2_06\apps\OSCOutput\firmware\OSCOutput.X\..\..\..\..\framework\peripheral\osc\templates\osc_SecondaryEnable_Default.h
Found and added required header to zip: C:\microchip\harmony\v2_06\apps\OSCOutput\firmware\OSCOutput.X\..\..\..\..\framework\peripheral\osc\templates\osc_SecondaryReady_Default_1.h
Found and added required header to zip: C:\microchip\harmony\v2_06\apps\OSCOutput\firmware\OSCOutput.X\..\..\..\..\framework\peripheral\osc\templates\osc_SleepToStartupClock_Default.h
Found and added required header to zip: C:\microchip\harmony\v2_06\apps\OSCOutput\firmware\OSCOutput.X\..\..\..\..\framework\peripheral\osc\templates\osc_SlewDivisorStepControl_Default.h
Found and added required header to zip: C:\microchip\harmony\v2_06\apps\OSCOutput\firmware\OSCOutput.X\..\..\..\..\framework\peripheral\osc\templates\osc_SlewEnableControl_Default.h
Found and added required header to zip: C:\microchip\harmony\v2_06\apps\OSCOutput\firmware\OSCOutput.X\..\..\..\..\framework\peripheral\osc\templates\osc_SystemClockDivisorControl_Default.h
Found and added required header to zip: C:\microchip\harmony\v2_06\apps\OSCOutput\firmware\OSCOutput.X\..\..\..\..\framework\peripheral\osc\templates\osc_UPLLFrequencyRange_Unsupported.h
Found and added required header to zip: C:\microchip\harmony\v2_06\apps\OSCOutput\firmware\OSCOutput.X\..\..\..\..\framework\peripheral\osc\templates\osc_UPLLInputDivisor_Unsupported.h
Found and added required header to zip: C:\microchip\harmony\v2_06\apps\OSCOutput\firmware\OSCOutput.X\..\..\..\..\framework\peripheral\osc\templates\osc_UPLLMultiplier_Unsupported.h
Found and added required header to zip: C:\microchip\harmony\v2_06\apps\OSCOutput\firmware\OSCOutput.X\..\..\..\..\framework\peripheral\osc\templates\osc_UPLLOutputDivisor_Unsupported.h
Found and added required header to zip: C:\microchip\harmony\v2_06\apps\OSCOutput\firmware\OSCOutput.X\..\..\..\..\framework\peripheral\osc\templates\osc_UsbClockSource_Unsupported.h
Found and added required header to zip: C:\microchip\harmony\v2_06\apps\OSCOutput\firmware\OSCOutput.X\..\..\..\..\framework\peripheral\pcache\plib_pcache.h
Found and added required header to zip: C:\microchip\harmony\v2_06\apps\OSCOutput\firmware\OSCOutput.X\..\..\..\..\framework\peripheral\pcache\processor\pcache_p32mz2048efm144.h
Found and added required header to zip: C:\microchip\harmony\v2_06\apps\OSCOutput\firmware\OSCOutput.X\..\..\..\..\framework\peripheral\pcache\processor\pcache_p32xxxx.h
Found and added required header to zip: C:\microchip\harmony\v2_06\apps\OSCOutput\firmware\OSCOutput.X\..\..\..\..\framework\peripheral\pcache\processor\pcache_processor.h
Found and added required header to zip: C:\microchip\harmony\v2_06\apps\OSCOutput\firmware\OSCOutput.X\..\..\..\..\framework\peripheral\pcache\templates\pcache_CacheEnable_Unsupported.h
Found and added required header to zip: C:\microchip\harmony\v2_06\apps\OSCOutput\firmware\OSCOutput.X\..\..\..\..\framework\peripheral\pcache\templates\pcache_CacheHit_Unsupported.h
Found and added required header to zip: C:\microchip\harmony\v2_06\apps\OSCOutput\firmware\OSCOutput.X\..\..\..\..\framework\peripheral\pcache\templates\pcache_CacheLineAddr_Unsupported.h
Found and added required header to zip: C:\microchip\harmony\v2_06\apps\OSCOutput\firmware\OSCOutput.X\..\..\..\..\framework\peripheral\pcache\templates\pcache_CacheLineFlashType_Unsupported.h
Found and added required header to zip: C:\microchip\harmony\v2_06\apps\OSCOutput\firmware\OSCOutput.X\..\..\..\..\framework\peripheral\pcache\templates\pcache_CacheLineLock_Unsupported.h
Found and added required header to zip: C:\microchip\harmony\v2_06\apps\OSCOutput\firmware\OSCOutput.X\..\..\..\..\framework\peripheral\pcache\templates\pcache_CacheLineMask_Unsupported.h
Found and added required header to zip: C:\microchip\harmony\v2_06\apps\OSCOutput\firmware\OSCOutput.X\..\..\..\..\framework\peripheral\pcache\templates\pcache_CacheLineSelect_Unsupported.h
Found and added required header to zip: C:\microchip\harmony\v2_06\apps\OSCOutput\firmware\OSCOutput.X\..\..\..\..\framework\peripheral\pcache\templates\pcache_CacheLineType_Unsupported.h
Found and added required header to zip: C:\microchip\harmony\v2_06\apps\OSCOutput\firmware\OSCOutput.X\..\..\..\..\framework\peripheral\pcache\templates\pcache_CacheLineValid_Unsupported.h
Found and added required header to zip: C:\microchip\harmony\v2_06\apps\OSCOutput\firmware\OSCOutput.X\..\..\..\..\framework\peripheral\pcache\templates\pcache_CacheMiss_Unsupported.h
Found and added required header to zip: C:\microchip\harmony\v2_06\apps\OSCOutput\firmware\OSCOutput.X\..\..\..\..\framework\peripheral\pcache\templates\pcache_CachePerformanceCountersEnable_Unsupported.h
Found and added required header to zip: C:\microchip\harmony\v2_06\apps\OSCOutput\firmware\OSCOutput.X\..\..\..\..\framework\peripheral\pcache\templates\pcache_DataCacheEnable_Unsupported.h
Found and added required header to zip: C:\microchip\harmony\v2_06\apps\OSCOutput\firmware\OSCOutput.X\..\..\..\..\framework\peripheral\pcache\templates\pcache_FlashDEDStatus_Default.h
Found and added required header to zip: C:\microchip\harmony\v2_06\apps\OSCOutput\firmware\OSCOutput.X\..\..\..\..\framework\peripheral\pcache\templates\pcache_FlashSECCount_Default.h
Found and added required header to zip: C:\microchip\harmony\v2_06\apps\OSCOutput\firmware\OSCOutput.X\..\..\..\..\framework\peripheral\pcache\templates\pcache_FlashSECInt_Default.h
Found and added required header to zip: C:\microchip\harmony\v2_06\apps\OSCOutput\firmware\OSCOutput.X\..\..\..\..\framework\peripheral\pcache\templates\pcache_FlashSECStatus_Default.h
Found and added required header to zip: C:\microchip\harmony\v2_06\apps\OSCOutput\firmware\OSCOutput.X\..\..\..\..\framework\peripheral\pcache\templates\pcache_InvalidateCache_Unsupported.h
Found and added required header to zip: C:\microchip\harmony\v2_06\apps\OSCOutput\firmware\OSCOutput.X\..\..\..\..\framework\peripheral\pcache\templates\pcache_InvalidateOnPFMProgram_Unsupported.h
Found and added required header to zip: C:\microchip\harmony\v2_06\apps\OSCOutput\firmware\OSCOutput.X\..\..\..\..\framework\peripheral\pcache\templates\pcache_LeastRecentlyUsedState_Unsupported.h
Found and added required header to zip: C:\microchip\harmony\v2_06\apps\OSCOutput\firmware\OSCOutput.X\..\..\..\..\framework\peripheral\pcache\templates\pcache_PFMAddressWaitStateEnable_Unsupported.h
Found and added required header to zip: C:\microchip\harmony\v2_06\apps\OSCOutput\firmware\OSCOutput.X\..\..\..\..\framework\peripheral\pcache\templates\pcache_PrefetchAbort_Unsupported.h
Found and added required header to zip: C:\microchip\harmony\v2_06\apps\OSCOutput\firmware\OSCOutput.X\..\..\..\..\framework\peripheral\pcache\templates\pcache_PrefetchEnable_MZ.h
Found and added required header to zip: C:\microchip\harmony\v2_06\apps\OSCOutput\firmware\OSCOutput.X\..\..\..\..\framework\peripheral\pcache\templates\pcache_Registers.h
Found and added required header to zip: C:\microchip\harmony\v2_06\apps\OSCOutput\firmware\OSCOutput.X\..\..\..\..\framework\peripheral\pcache\templates\pcache_WaitState_MZ.h
Found and added required header to zip: C:\microchip\harmony\v2_06\apps\OSCOutput\firmware\OSCOutput.X\..\..\..\..\framework\peripheral\pcache\templates\pcache_Word_Unsupported.h
Found and added required header to zip: C:\microchip\harmony\v2_06\apps\OSCOutput\firmware\OSCOutput.X\..\..\..\..\framework\peripheral\peripheral_common.h
Found and added required header to zip: C:\microchip\harmony\v2_06\apps\OSCOutput\firmware\OSCOutput.X\..\..\..\..\framework\peripheral\peripheral_common_32bit.h
Found and added required header to zip: C:\microchip\harmony\v2_06\apps\OSCOutput\firmware\OSCOutput.X\..\..\..\..\framework\peripheral\ports\plib_ports.h
Found and added required header to zip: C:\microchip\harmony\v2_06\apps\OSCOutput\firmware\OSCOutput.X\..\..\..\..\framework\peripheral\ports\plib_ports_compatibility.h
Found and added required header to zip: C:\microchip\harmony\v2_06\apps\OSCOutput\firmware\OSCOutput.X\..\..\..\..\framework\peripheral\ports\processor\ports_p32mz2048efm144.h
Found and added required header to zip: C:\microchip\harmony\v2_06\apps\OSCOutput\firmware\OSCOutput.X\..\..\..\..\framework\peripheral\ports\processor\ports_p32xxxx.h
Found and added required header to zip: C:\microchip\harmony\v2_06\apps\OSCOutput\firmware\OSCOutput.X\..\..\..\..\framework\peripheral\ports\processor\ports_processor.h
Found and added required header to zip: C:\microchip\harmony\v2_06\apps\OSCOutput\firmware\OSCOutput.X\..\..\..\..\framework\peripheral\ports\templates\ports_AnPinsMode_Unsupported.h
Found and added required header to zip: C:\microchip\harmony\v2_06\apps\OSCOutput\firmware\OSCOutput.X\..\..\..\..\framework\peripheral\ports\templates\ports_ChangeNoticeEdgeControl_Default.h
Found and added required header to zip: C:\microchip\harmony\v2_06\apps\OSCOutput\firmware\OSCOutput.X\..\..\..\..\framework\peripheral\ports\templates\ports_ChangeNoticeEdgeStatus_Default.h
Found and added required header to zip: C:\microchip\harmony\v2_06\apps\OSCOutput\firmware\OSCOutput.X\..\..\..\..\framework\peripheral\ports\templates\ports_ChangeNoticeInIdlePerPort_Unsupported.h
Found and added required header to zip: C:\microchip\harmony\v2_06\apps\OSCOutput\firmware\OSCOutput.X\..\..\..\..\framework\peripheral\ports\templates\ports_ChangeNoticeInIdle_Unsupported.h
Found and added required header to zip: C:\microchip\harmony\v2_06\apps\OSCOutput\firmware\OSCOutput.X\..\..\..\..\framework\peripheral\ports\templates\ports_ChangeNoticePerPortStatus_Default.h
Found and added required header to zip: C:\microchip\harmony\v2_06\apps\OSCOutput\firmware\OSCOutput.X\..\..\..\..\framework\peripheral\ports\templates\ports_ChangeNoticePerPortTurnOn_Default.h
Found and added required header to zip: C:\microchip\harmony\v2_06\apps\OSCOutput\firmware\OSCOutput.X\..\..\..\..\framework\peripheral\ports\templates\ports_ChangeNoticePullDownPerPort_Default.h
Found and added required header to zip: C:\microchip\harmony\v2_06\apps\OSCOutput\firmware\OSCOutput.X\..\..\..\..\framework\peripheral\ports\templates\ports_ChangeNoticePullUpPerPort_Default.h
Found and added required header to zip: C:\microchip\harmony\v2_06\apps\OSCOutput\firmware\OSCOutput.X\..\..\..\..\framework\peripheral\ports\templates\ports_ChangeNoticePullup_Unsupported.h
Found and added required header to zip: C:\microchip\harmony\v2_06\apps\OSCOutput\firmware\OSCOutput.X\..\..\..\..\framework\peripheral\ports\templates\ports_ChangeNotice_Unsupported.h
Found and added required header to zip: C:\microchip\harmony\v2_06\apps\OSCOutput\firmware\OSCOutput.X\..\..\..\..\framework\peripheral\ports\templates\ports_ChannelChangeNoticeMethod_Default.h
Found and added required header to zip: C:\microchip\harmony\v2_06\apps\OSCOutput\firmware\OSCOutput.X\..\..\..\..\framework\peripheral\ports\templates\ports_LatchRead_MCU32_PPS.h
Found and added required header to zip: C:\microchip\harmony\v2_06\apps\OSCOutput\firmware\OSCOutput.X\..\..\..\..\framework\peripheral\ports\templates\ports_PinChangeNoticePerPort_Default.h
Found and added required header to zip: C:\microchip\harmony\v2_06\apps\OSCOutput\firmware\OSCOutput.X\..\..\..\..\framework\peripheral\ports\templates\ports_PinChangeNotice_Unsupported.h
Found and added required header to zip: C:\microchip\harmony\v2_06\apps\OSCOutput\firmware\OSCOutput.X\..\..\..\..\framework\peripheral\ports\templates\ports_PinModePerPort_Default.h
Found and added required header to zip: C:\microchip\harmony\v2_06\apps\OSCOutput\firmware\OSCOutput.X\..\..\..\..\framework\peripheral\ports\templates\ports_PinMode_PPS.h
Found and added required header to zip: C:\microchip\harmony\v2_06\apps\OSCOutput\firmware\OSCOutput.X\..\..\..\..\framework\peripheral\ports\templates\ports_PortsDirection_MCU32_PPS.h
Found and added required header to zip: C:\microchip\harmony\v2_06\apps\OSCOutput\firmware\OSCOutput.X\..\..\..\..\framework\peripheral\ports\templates\ports_PortsOpenDrain_MCU32_PPS.h
Found and added required header to zip: C:\microchip\harmony\v2_06\apps\OSCOutput\firmware\OSCOutput.X\..\..\..\..\framework\peripheral\ports\templates\ports_PortsRead_MCU32_PPS.h
Found and added required header to zip: C:\microchip\harmony\v2_06\apps\OSCOutput\firmware\OSCOutput.X\..\..\..\..\framework\peripheral\ports\templates\ports_PortsWrite_MCU32_PPS.h
Found and added required header to zip: C:\microchip\harmony\v2_06\apps\OSCOutput\firmware\OSCOutput.X\..\..\..\..\framework\peripheral\ports\templates\ports_RemapInput_default.h
Found and added required header to zip: C:\microchip\harmony\v2_06\apps\OSCOutput\firmware\OSCOutput.X\..\..\..\..\framework\peripheral\ports\templates\ports_RemapOutput_PIC32_1.h
Found and added required header to zip: C:\microchip\harmony\v2_06\apps\OSCOutput\firmware\OSCOutput.X\..\..\..\..\framework\peripheral\ports\templates\ports_SlewRateControl_Default.h
Found and added required header to zip: C:\microchip\harmony\v2_06\apps\OSCOutput\firmware\OSCOutput.X\..\..\..\..\framework\system\devcon\src\sys_devcon_local.h
Found and added required header to zip: C:\microchip\harmony\v2_06\apps\OSCOutput\firmware\OSCOutput.X\..\..\..\..\framework\system\devcon\sys_devcon.h
