

Microchip Technology PIC LITE Macro Assembler V1.38 build -256452561 
                                                                                               Sun Jul 23 20:47:17 2017

Microchip Technology Omniscient Code Generator v1.38 (Free mode) build 201607010351
     1                           	processor	16F886
     2                           	opt	pw 120
     3                           	opt	lm
     4                           	psect	cinit,global,class=CODE,merge=1,delta=2
     5                           	psect	cstackCOMMON,global,class=COMMON,space=1,delta=1
     6                           	psect	maintext,global,class=CODE,split=1,delta=2
     7                           	psect	text1,local,class=CODE,merge=1,delta=2
     8                           	psect	text2,local,class=CODE,merge=1,delta=2
     9                           	psect	intentry,global,class=CODE,delta=2
    10                           	dabs	1,0x7E,2
    11  0000                     	;# 
    12  0001                     	;# 
    13  0002                     	;# 
    14  0003                     	;# 
    15  0004                     	;# 
    16  0005                     	;# 
    17  0006                     	;# 
    18  0007                     	;# 
    19  0009                     	;# 
    20  000A                     	;# 
    21  000B                     	;# 
    22  000C                     	;# 
    23  000D                     	;# 
    24  000E                     	;# 
    25  000E                     	;# 
    26  000F                     	;# 
    27  0010                     	;# 
    28  0011                     	;# 
    29  0012                     	;# 
    30  0013                     	;# 
    31  0014                     	;# 
    32  0015                     	;# 
    33  0015                     	;# 
    34  0016                     	;# 
    35  0017                     	;# 
    36  0018                     	;# 
    37  0019                     	;# 
    38  001A                     	;# 
    39  001B                     	;# 
    40  001B                     	;# 
    41  001C                     	;# 
    42  001D                     	;# 
    43  001E                     	;# 
    44  001F                     	;# 
    45  0081                     	;# 
    46  0085                     	;# 
    47  0086                     	;# 
    48  0087                     	;# 
    49  0089                     	;# 
    50  008C                     	;# 
    51  008D                     	;# 
    52  008E                     	;# 
    53  008F                     	;# 
    54  0090                     	;# 
    55  0091                     	;# 
    56  0092                     	;# 
    57  0093                     	;# 
    58  0093                     	;# 
    59  0093                     	;# 
    60  0094                     	;# 
    61  0095                     	;# 
    62  0096                     	;# 
    63  0097                     	;# 
    64  0098                     	;# 
    65  0099                     	;# 
    66  009A                     	;# 
    67  009B                     	;# 
    68  009C                     	;# 
    69  009D                     	;# 
    70  009E                     	;# 
    71  009F                     	;# 
    72  0105                     	;# 
    73  0107                     	;# 
    74  0108                     	;# 
    75  0109                     	;# 
    76  010C                     	;# 
    77  010C                     	;# 
    78  010D                     	;# 
    79  010E                     	;# 
    80  010F                     	;# 
    81  0185                     	;# 
    82  0187                     	;# 
    83  0188                     	;# 
    84  0189                     	;# 
    85  018C                     	;# 
    86  018D                     	;# 
    87  0017                     _CCP1CON	set	23
    88  0015                     _CCPR1L	set	21
    89  0012                     _T2CON	set	18
    90  005F                     _GIE	set	95
    91  005E                     _PEIE	set	94
    92  0061                     _TMR2IF	set	97
    93  0092                     _TMR2ON	set	146
    94  008F                     _OSCCON	set	143
    95  0092                     _PR2	set	146
    96  0461                     _TMR2IE	set	1121
    97  0439                     _TRISC1	set	1081
    98  043A                     _TRISC2	set	1082
    99                           
   100                           ; #config settings
   101  0000                     
   102                           	psect	cinit
   103  07FC                     start_initialization:	
   104  07FC                     __initialization:	
   105  07FC                     end_of_initialization:	
   106                           ;End of C runtime variable initialization code
   107                           
   108  07FC                     __end_of__initialization:	
   109  07FC  0183               	clrf	3
   110  07FD  120A  118A  2FC4   	ljmp	_main	;jump to C main() function
   111                           
   112                           	psect	cstackCOMMON
   113  0071                     __pcstackCOMMON:	
   114  0071                     ?_isr:	
   115  0071                     ??_isr:	
   116                           ; 1 bytes @ 0x0
   117                           
   118  0071                     ?_SpwmInit:	
   119                           ; 1 bytes @ 0x0
   120                           
   121  0071                     ?_main:	
   122                           ; 1 bytes @ 0x0
   123                           
   124                           
   125                           ; 1 bytes @ 0x0
   126  0071                     	ds	4
   127  0075                     ??_SpwmInit:	
   128  0075                     ??_main:	
   129                           ; 1 bytes @ 0x4
   130                           
   131                           
   132                           	psect	maintext
   133  07C4                     __pmaintext:	
   134                           ; 1 bytes @ 0x4
   135 ;;
   136 ;;Main: autosize = 0, tempsize = 0, incstack = 0, save=0
   137 ;;
   138 ;; *************** function _main *****************
   139 ;; Defined at:
   140 ;;		line 39 in file "newmain1.c"
   141 ;; Parameters:    Size  Location     Type
   142 ;;		None
   143 ;; Auto vars:     Size  Location     Type
   144 ;;		None
   145 ;; Return value:  Size  Location     Type
   146 ;;                  1    wreg      void 
   147 ;; Registers used:
   148 ;;		wreg, status,2, status,0, pclath, cstack
   149 ;; Tracked objects:
   150 ;;		On entry : B00/0
   151 ;;		On exit  : 0/0
   152 ;;		Unchanged: 0/0
   153 ;; Data sizes:     COMMON   BANK0   BANK1   BANK3   BANK2
   154 ;;      Params:         0       0       0       0       0
   155 ;;      Locals:         0       0       0       0       0
   156 ;;      Temps:          0       0       0       0       0
   157 ;;      Totals:         0       0       0       0       0
   158 ;;Total ram usage:        0 bytes
   159 ;; Hardware stack levels required when called:    2
   160 ;; This function calls:
   161 ;;		_SpwmInit
   162 ;; This function is called by:
   163 ;;		Startup code after reset
   164 ;; This function uses a non-reentrant model
   165 ;;
   166                           
   167                           
   168                           ;psect for function _main
   169  07C4                     _main:	
   170                           
   171                           ;newmain1.c: 41: SpwmInit();
   172                           
   173                           ;incstack = 0
   174                           ; Regs used in _main: [wreg+status,2+status,0+pclath+cstack]
   175  07C4  120A  118A  27E3  120A  118A  	fcall	_SpwmInit
   176                           
   177                           ;newmain1.c: 42: TRISC1=0;
   178  07C9  1683               	bsf	3,5	;RP0=1, select bank1
   179  07CA  1303               	bcf	3,6	;RP1=0, select bank1
   180  07CB  1087               	bcf	7,1	;volatile
   181                           
   182                           ;newmain1.c: 43: TRISC2=0;
   183  07CC  1107               	bcf	7,2	;volatile
   184  07CD                     l34:	
   185                           ;newmain1.c: 44: while(1);
   186                           
   187  07CD  2FCD               	goto	l34
   188  07CE                     __end_of_main:	
   189                           
   190                           	psect	text1
   191  07E3                     __ptext1:	
   192 ;; *************** function _SpwmInit *****************
   193 ;; Defined at:
   194 ;;		line 22 in file "newmain1.c"
   195 ;; Parameters:    Size  Location     Type
   196 ;;		None
   197 ;; Auto vars:     Size  Location     Type
   198 ;;		None
   199 ;; Return value:  Size  Location     Type
   200 ;;                  1    wreg      void 
   201 ;; Registers used:
   202 ;;		wreg, status,2
   203 ;; Tracked objects:
   204 ;;		On entry : 0/0
   205 ;;		On exit  : 0/0
   206 ;;		Unchanged: 0/0
   207 ;; Data sizes:     COMMON   BANK0   BANK1   BANK3   BANK2
   208 ;;      Params:         0       0       0       0       0
   209 ;;      Locals:         0       0       0       0       0
   210 ;;      Temps:          0       0       0       0       0
   211 ;;      Totals:         0       0       0       0       0
   212 ;;Total ram usage:        0 bytes
   213 ;; Hardware stack levels used:    1
   214 ;; Hardware stack levels required when called:    1
   215 ;; This function calls:
   216 ;;		Nothing
   217 ;; This function is called by:
   218 ;;		_main
   219 ;; This function uses a non-reentrant model
   220 ;;
   221                           
   222                           
   223                           ;psect for function _SpwmInit
   224  07E3                     _SpwmInit:	
   225                           
   226                           ;newmain1.c: 24: OSCCON=0x7f;
   227                           
   228                           ;incstack = 0
   229                           ; Regs used in _SpwmInit: [wreg+status,2]
   230  07E3  307F               	movlw	127
   231  07E4  1683               	bsf	3,5	;RP0=1, select bank1
   232  07E5  1303               	bcf	3,6	;RP1=0, select bank1
   233  07E6  008F               	movwf	15	;volatile
   234                           
   235                           ;newmain1.c: 25: TRISC1=1;
   236  07E7  1487               	bsf	7,1	;volatile
   237                           
   238                           ;newmain1.c: 26: TRISC2=1;
   239  07E8  1507               	bsf	7,2	;volatile
   240                           
   241                           ;newmain1.c: 28: PR2=0x27;
   242  07E9  3027               	movlw	39
   243  07EA  0092               	movwf	18	;volatile
   244                           
   245                           ;newmain1.c: 29: CCP1CON=0x0f|0x00;
   246  07EB  300F               	movlw	15
   247  07EC  1283               	bcf	3,5	;RP0=0, select bank0
   248  07ED  1303               	bcf	3,6	;RP1=0, select bank0
   249  07EE  0097               	movwf	23	;volatile
   250                           
   251                           ;newmain1.c: 30: CCPR1L=0x14;
   252  07EF  3014               	movlw	20
   253  07F0  0095               	movwf	21	;volatile
   254                           
   255                           ;newmain1.c: 31: TMR2IF=0;
   256  07F1  108C               	bcf	12,1	;volatile
   257                           
   258                           ;newmain1.c: 32: T2CON=0;
   259  07F2  0192               	clrf	18	;volatile
   260                           
   261                           ;newmain1.c: 33: GIE=0;
   262  07F3  138B               	bcf	11,7	;volatile
   263                           
   264                           ;newmain1.c: 34: TMR2IE=1;
   265  07F4  1683               	bsf	3,5	;RP0=1, select bank1
   266  07F5  1303               	bcf	3,6	;RP1=0, select bank1
   267  07F6  148C               	bsf	12,1	;volatile
   268                           
   269                           ;newmain1.c: 35: PEIE=1;
   270  07F7  170B               	bsf	11,6	;volatile
   271                           
   272                           ;newmain1.c: 36: TMR2ON=1;
   273  07F8  1283               	bcf	3,5	;RP0=0, select bank0
   274  07F9  1303               	bcf	3,6	;RP1=0, select bank0
   275  07FA  1512               	bsf	18,2	;volatile
   276  07FB  0008               	return
   277  07FC                     __end_of_SpwmInit:	
   278                           
   279                           	psect	text2
   280  07CE                     __ptext2:	
   281 ;; *************** function _isr *****************
   282 ;; Defined at:
   283 ;;		line 17 in file "newmain1.c"
   284 ;; Parameters:    Size  Location     Type
   285 ;;		None
   286 ;; Auto vars:     Size  Location     Type
   287 ;;		None
   288 ;; Return value:  Size  Location     Type
   289 ;;                  1    wreg      void 
   290 ;; Registers used:
   291 ;;		None
   292 ;; Tracked objects:
   293 ;;		On entry : 0/0
   294 ;;		On exit  : 0/0
   295 ;;		Unchanged: 0/0
   296 ;; Data sizes:     COMMON   BANK0   BANK1   BANK3   BANK2
   297 ;;      Params:         0       0       0       0       0
   298 ;;      Locals:         0       0       0       0       0
   299 ;;      Temps:          4       0       0       0       0
   300 ;;      Totals:         4       0       0       0       0
   301 ;;Total ram usage:        4 bytes
   302 ;; Hardware stack levels used:    1
   303 ;; This function calls:
   304 ;;		Nothing
   305 ;; This function is called by:
   306 ;;		Interrupt level 1
   307 ;; This function uses a non-reentrant model
   308 ;;
   309                           
   310                           
   311                           ;psect for function _isr
   312  07CE                     _isr:	
   313                           
   314                           ;newmain1.c: 19: if(TMR2IE==1&&TMR2IF==1)
   315  07CE  1683               	bsf	3,5	;RP0=1, select bank1
   316  07CF  1303               	bcf	3,6	;RP1=0, select bank1
   317  07D0  1C8C               	btfss	12,1	;volatile
   318  07D1  2FD7               	goto	i1l28
   319  07D2  1283               	bcf	3,5	;RP0=0, select bank0
   320  07D3  1303               	bcf	3,6	;RP1=0, select bank0
   321  07D4  1C8C               	btfss	12,1	;volatile
   322  07D5  2FD7               	goto	i1l28
   323                           
   324                           ;newmain1.c: 20: {TMR2IF=0;}
   325  07D6  108C               	bcf	12,1	;volatile
   326  07D7                     i1l28:	
   327  07D7  0874               	movf	??_isr+3,w
   328  07D8  1283               	bcf	3,5	;RP0=0, select bank0
   329  07D9  00FF               	movwf	127
   330  07DA  0873               	movf	??_isr+2,w
   331  07DB  008A               	movwf	10
   332  07DC  0872               	movf	??_isr+1,w
   333  07DD  0084               	movwf	4
   334  07DE  0E71               	swapf	??_isr^(0+-128),w
   335  07DF  0083               	movwf	3
   336  07E0  0EFE               	swapf	126,f
   337  07E1  0E7E               	swapf	126,w
   338  07E2  0009               	retfie
   339  07E3                     __end_of_isr:	
   340  007E                     btemp	set	126	;btemp
   341  007E                     wtemp	set	126
   342  007E                     wtemp0	set	126
   343  0080                     wtemp1	set	128
   344  0082                     wtemp2	set	130
   345  0084                     wtemp3	set	132
   346  0086                     wtemp4	set	134
   347  0088                     wtemp5	set	136
   348  007F                     wtemp6	set	127
   349  007E                     ttemp	set	126
   350  007E                     ttemp0	set	126
   351  0081                     ttemp1	set	129
   352  0084                     ttemp2	set	132
   353  0087                     ttemp3	set	135
   354  007F                     ttemp4	set	127
   355  007E                     ltemp	set	126
   356  007E                     ltemp0	set	126
   357  0082                     ltemp1	set	130
   358  0086                     ltemp2	set	134
   359  0080                     ltemp3	set	128
   360                           
   361                           	psect	intentry
   362  0004                     __pintentry:	
   363                           ;incstack = 0
   364                           ; Regs used in _isr: []
   365                           
   366  0004                     interrupt_function:	
   367  007E                     saved_w	set	btemp
   368  0004  00FE               	movwf	btemp
   369  0005  0E03               	swapf	3,w
   370  0006  00F1               	movwf	??_isr
   371  0007  0804               	movf	4,w
   372  0008  00F2               	movwf	??_isr+1
   373  0009  080A               	movf	10,w
   374  000A  00F3               	movwf	??_isr+2
   375  000B  1283               	bcf	3,5	;RP0=0, select bank0
   376  000C  1303               	bcf	3,6	;RP1=0, select bank0
   377  000D  087F               	movf	btemp+1,w
   378  000E  00F4               	movwf	??_isr+3
   379  000F  120A  118A  2FCE   	ljmp	_isr


Data Sizes:
    Strings     0
    Constant    0
    Data        0
    BSS         0
    Persistent  0
    Stack       0

Auto Spaces:
    Space          Size  Autos    Used
    COMMON           13      4       4
    BANK0            80      0       0
    BANK1            80      0       0
    BANK3            85      0       0
    BANK2            96      0       0

Pointer List with Targets:

    None.

Critical Paths under _main in COMMON

    None.

Critical Paths under _isr in COMMON

    None.

Critical Paths under _main in BANK0

    None.

Critical Paths under _isr in BANK0

    None.

Critical Paths under _main in BANK1

    None.

Critical Paths under _isr in BANK1

    None.

Critical Paths under _main in BANK3

    None.

Critical Paths under _isr in BANK3

    None.

Critical Paths under _main in BANK2

    None.

Critical Paths under _isr in BANK2

    None.

Call Graph Tables:

 ---------------------------------------------------------------------------------
 (Depth) Function   	        Calls       Base Space   Used Autos Params    Refs
 ---------------------------------------------------------------------------------
 (0) _main                                                 0     0      0       0
                           _SpwmInit
 ---------------------------------------------------------------------------------
 (1) _SpwmInit                                             0     0      0       0
 ---------------------------------------------------------------------------------
 Estimated maximum stack depth 1
 ---------------------------------------------------------------------------------
 (Depth) Function   	        Calls       Base Space   Used Autos Params    Refs
 ---------------------------------------------------------------------------------
 (2) _isr                                                  4     4      0       0
                                              0 COMMON     4     4      0
 ---------------------------------------------------------------------------------
 Estimated maximum stack depth 2
 ---------------------------------------------------------------------------------

 Call Graph Graphs:

 _main (ROOT)
   _SpwmInit

 _isr (ROOT)

 Address spaces:
Name               Size   Autos  Total    Cost      Usage
BITCOMMON            D      0       0       0        0.0%
EEDATA             100      0       0       0        0.0%
NULL                 0      0       0       0        0.0%
CODE                 0      0       0       0        0.0%
COMMON               D      4       4       1       30.8%
BITSFR0              0      0       0       1        0.0%
SFR0                 0      0       0       1        0.0%
BITSFR1              0      0       0       2        0.0%
SFR1                 0      0       0       2        0.0%
STACK                0      0       0       2        0.0%
ABS                  0      0       0       3        0.0%
BITBANK0            50      0       0       4        0.0%
BITSFR3              0      0       0       4        0.0%
SFR3                 0      0       0       4        0.0%
BANK0               50      0       0       5        0.0%
BITSFR2              0      0       0       5        0.0%
SFR2                 0      0       0       5        0.0%
BITBANK1            50      0       0       6        0.0%
BANK1               50      0       0       7        0.0%
BITBANK3            55      0       0       8        0.0%
BANK3               55      0       0       9        0.0%
BITBANK2            60      0       0      10        0.0%
BANK2               60      0       0      11        0.0%
DATA                 0      0       0      12        0.0%


Microchip Technology PIC Macro Assembler V1.38 build -256452561 
Symbol Table                                                                                   Sun Jul 23 20:47:17 2017

            __CFG_CP$OFF 0000                       l34 07CD                      _GIE 005F  
                    _PR2 0092             __CFG_CPD$OFF 0000                      _isr 07CE  
                    fsr0 0004             __CFG_IESO$ON 0000             __CFG_FOSC$HS 0000  
           __CFG_LVP$OFF 0000                     ?_isr 0071                     _PEIE 005E  
                   i1l28 07D7             __CFG_WRT$OFF 0000                     _main 07C4  
                   btemp 007E                     ltemp 007E                     start 0012  
                   ttemp 007E                     wtemp 007E                    ??_isr 0071  
                  ?_main 0071            __CFG_WDTE$OFF 0000                    _T2CON 0012  
          __CFG_PWRTE$ON 0000           __CFG_FCMEN$OFF 0000           __CFG_BOREN$OFF 0000  
                  pclath 000A                    ltemp0 007E                    ltemp1 0082  
                  ltemp2 0086                    ltemp3 0080                    ttemp0 007E  
                  ttemp1 0081                    ttemp2 0084                    ttemp3 0087  
                  ttemp4 007F                    status 0003                    wtemp0 007E  
                  wtemp1 0080                    wtemp2 0082                    wtemp3 0084  
                  wtemp4 0086                    wtemp5 0088                    wtemp6 007F  
         __CFG_MCLRE$OFF 0000          __initialization 07FC             __end_of_main 07CE  
                 ??_main 0075         __end_of_SpwmInit 07FC                   _CCPR1L 0015  
                 _OSCCON 008F                   _TMR2IE 0461                   _TMR2IF 0061  
                 _TMR2ON 0092                   _TRISC1 0439                   _TRISC2 043A  
                 saved_w 007E  __end_of__initialization 07FC           __pcstackCOMMON 0071  
             __pmaintext 07C4               __pintentry 0004                  _CCP1CON 0017  
              ?_SpwmInit 0071               ??_SpwmInit 0075                  __ptext1 07E3  
                __ptext2 07CE             __size_of_isr 0015     end_of_initialization 07FC  
    start_initialization 07FC              __end_of_isr 07E3        __size_of_SpwmInit 0019  
              ___latbits 0002        interrupt_function 0004                 _SpwmInit 07E3  
      __CFG_BOR4V$BOR40V 0000            __size_of_main 000A                 intlevel1 0000  
